<?xml version="1.0" encoding="UTF-8"?>
<robot generator="Robot 7.3.2 (Python 3.13.7 on win32)" generated="2025-11-01T17:21:55.827476" rpa="false" schemaversion="5">
<suite id="s1" name="Youtube" source="C:\Users\Admin\PycharmProjects\Robot_project\youtube.robot">
<test id="s1-t1" name="Open YouTube With WebDriverManager" line="11">
<kw name="Evaluate" owner="BuiltIn">
<msg time="2025-11-01T17:21:56.483837" level="FAIL">Evaluating expression "__import__('webdriver_manager.chrome').ChromeDriverManager().install()" failed: AttributeError: module 'webdriver_manager' has no attribute 'ChromeDriverManager'</msg>
<var>${chrome_driver}</var>
<arg>__import__('webdriver_manager.chrome').ChromeDriverManager().install()</arg>
<arg>modules=webdriver_manager.chrome</arg>
<doc>Evaluates the given expression in Python and returns the result.</doc>
<status status="FAIL" start="2025-11-01T17:21:56.273719" elapsed="0.210425">Evaluating expression "__import__('webdriver_manager.chrome').ChromeDriverManager().install()" failed: AttributeError: module 'webdriver_manager' has no attribute 'ChromeDriverManager'</status>
</kw>
<kw name="Open Browser" owner="SeleniumLibrary">
<arg>${URL}</arg>
<arg>chrome</arg>
<arg>executable_path=${chrome_driver}</arg>
<doc>Opens a new browser instance to the optional ``url``.</doc>
<status status="NOT RUN" start="2025-11-01T17:21:56.484682" elapsed="0.000070"/>
</kw>
<kw name="Maximize Browser Window" owner="SeleniumLibrary">
<doc>Maximizes current browser window.</doc>
<status status="NOT RUN" start="2025-11-01T17:21:56.485074" elapsed="0.000049"/>
</kw>
<kw name="Wait Until Element Is Visible" owner="SeleniumLibrary">
<arg>xpath=//input[@id='search']</arg>
<doc>Waits until the element ``locator`` is visible.</doc>
<status status="NOT RUN" start="2025-11-01T17:21:56.485413" elapsed="0.000049"/>
</kw>
<kw name="Input Text" owner="SeleniumLibrary">
<arg>xpath=//input[@id='search']</arg>
<arg>${SEARCH_TEXT}</arg>
<doc>Types the given ``text`` into the text field identified by ``locator``.</doc>
<status status="NOT RUN" start="2025-11-01T17:21:56.485749" elapsed="0.000050"/>
</kw>
<kw name="Press Keys" owner="SeleniumLibrary">
<arg>xpath=//input[@id='search']</arg>
<arg>ENTER</arg>
<doc>Simulates the user pressing key(s) to an element or on the active browser.</doc>
<status status="NOT RUN" start="2025-11-01T17:21:56.486101" elapsed="0.000048"/>
</kw>
<kw name="Wait Until Page Contains" owner="SeleniumLibrary">
<arg>${SEARCH_TEXT}</arg>
<doc>Waits until ``text`` appears on the current page.</doc>
<status status="NOT RUN" start="2025-11-01T17:21:56.486447" elapsed="0.000049"/>
</kw>
<kw name="Sleep" owner="BuiltIn">
<arg>3s</arg>
<doc>Pauses the test executed for the given time.</doc>
<status status="NOT RUN" start="2025-11-01T17:21:56.486782" elapsed="0.000052"/>
</kw>
<kw name="Close Browser" owner="SeleniumLibrary">
<doc>Closes the current browser.</doc>
<status status="NOT RUN" start="2025-11-01T17:21:56.487118" elapsed="0.000048"/>
</kw>
<status status="FAIL" start="2025-11-01T17:21:56.271964" elapsed="0.215779">Evaluating expression "__import__('webdriver_manager.chrome').ChromeDriverManager().install()" failed: AttributeError: module 'webdriver_manager' has no attribute 'ChromeDriverManager'</status>
</test>
<doc>YouTube search using WebDriverManager</doc>
<status status="FAIL" start="2025-11-01T17:21:55.829773" elapsed="0.659006"/>
</suite>
<statistics>
<total>
<stat pass="0" fail="1" skip="0">All Tests</stat>
</total>
<tag>
</tag>
<suite>
<stat name="Youtube" id="s1" pass="0" fail="1" skip="0">Youtube</stat>
</suite>
</statistics>
<errors>
</errors>
</robot>
